Using pre-set license
Built from '2021.3/staging' branch; Version is '2021.3.5f1 (40eb3a945986) revision 4254522'; Using compiler version '192829333'; Build Type 'Release'
OS: 'Windows 10  (10.0.19043) 64bit CoreSingleLanguage' Language: 'es' Physical Memory: 8042 MB
BatchMode: 1, IsHumanControllingUs: 0, StartBugReporterOnCrash: 0, Is64bit: 1, IsPro: 1

COMMAND LINE ARGUMENTS:
C:\Program Files\Unity\Hub\Editor\2021.3.5f1\Editor\Unity.exe
-adb2
-batchMode
-noUpm
-name
AssetImportWorker11
-projectPath
C:/Users/AsusPC/Desktop/MyGames/Demo/WEB/3D/MultiplayerShooter3D
-logFile
Logs/AssetImportWorker11.log
-srvPort
57768
Successfully changed project path to: C:/Users/AsusPC/Desktop/MyGames/Demo/WEB/3D/MultiplayerShooter3D
C:/Users/AsusPC/Desktop/MyGames/Demo/WEB/3D/MultiplayerShooter3D
[UnityMemory] Configuration Parameters - Can be set up in boot.config
    "memorysetup-bucket-allocator-granularity=16"
    "memorysetup-bucket-allocator-bucket-count=8"
    "memorysetup-bucket-allocator-block-size=33554432"
    "memorysetup-bucket-allocator-block-count=8"
    "memorysetup-main-allocator-block-size=16777216"
    "memorysetup-thread-allocator-block-size=16777216"
    "memorysetup-gfx-main-allocator-block-size=16777216"
    "memorysetup-gfx-thread-allocator-block-size=16777216"
    "memorysetup-cache-allocator-block-size=4194304"
    "memorysetup-typetree-allocator-block-size=2097152"
    "memorysetup-profiler-bucket-allocator-granularity=16"
    "memorysetup-profiler-bucket-allocator-bucket-count=8"
    "memorysetup-profiler-bucket-allocator-block-size=33554432"
    "memorysetup-profiler-bucket-allocator-block-count=8"
    "memorysetup-profiler-allocator-block-size=16777216"
    "memorysetup-profiler-editor-allocator-block-size=1048576"
    "memorysetup-temp-allocator-size-main=16777216"
    "memorysetup-job-temp-allocator-block-size=2097152"
    "memorysetup-job-temp-allocator-block-size-background=1048576"
    "memorysetup-job-temp-allocator-reduction-small-platforms=262144"
    "memorysetup-temp-allocator-size-background-worker=32768"
    "memorysetup-temp-allocator-size-job-worker=262144"
    "memorysetup-temp-allocator-size-preload-manager=33554432"
    "memorysetup-temp-allocator-size-nav-mesh-worker=65536"
    "memorysetup-temp-allocator-size-audio-worker=65536"
    "memorysetup-temp-allocator-size-cloud-worker=32768"
    "memorysetup-temp-allocator-size-gi-baking-worker=262144"
    "memorysetup-temp-allocator-size-gfx=262144"
Refreshing native plugins compatible for Editor in 118.48 ms, found 3 plugins.
Preloading 0 native plugins for Editor in 0.00 ms.
Initialize engine version: 2021.3.5f1 (40eb3a945986)
[Subsystems] Discovering subsystems at path C:/Program Files/Unity/Hub/Editor/2021.3.5f1/Editor/Data/Resources/UnitySubsystems
[Subsystems] Discovering subsystems at path C:/Users/AsusPC/Desktop/MyGames/Demo/WEB/3D/MultiplayerShooter3D/Assets
GfxDevice: creating device client; threaded=0; jobified=0
Direct3D:
    Version:  Direct3D 11.0 [level 11.1]
    Renderer: NVIDIA GeForce GTX 1650 (ID=0x1f91)
    Vendor:   NVIDIA
    VRAM:     3962 MB
    Driver:   30.0.15.1278
Initialize mono
Mono path[0] = 'C:/Program Files/Unity/Hub/Editor/2021.3.5f1/Editor/Data/Managed'
Mono path[1] = 'C:/Program Files/Unity/Hub/Editor/2021.3.5f1/Editor/Data/MonoBleedingEdge/lib/mono/unityjit-win32'
Mono config path = 'C:/Program Files/Unity/Hub/Editor/2021.3.5f1/Editor/Data/MonoBleedingEdge/etc'
Using monoOptions --debugger-agent=transport=dt_socket,embedding=1,server=y,suspend=n,address=127.0.0.1:56112
Begin MonoManager ReloadAssembly
Registering precompiled unity dll's ...
Register platform support module: C:/Program Files/Unity/Hub/Editor/2021.3.5f1/Editor/Data/PlaybackEngines/WebGLSupport/UnityEditor.WebGL.Extensions.dll
Register platform support module: C:/Program Files/Unity/Hub/Editor/2021.3.5f1/Editor/Data/PlaybackEngines/AndroidPlayer/UnityEditor.Android.Extensions.dll
Register platform support module: C:/Program Files/Unity/Hub/Editor/2021.3.5f1/Editor/Data/PlaybackEngines/WindowsStandaloneSupport/UnityEditor.WindowsStandalone.Extensions.dll
Registered in 0.012143 seconds.
Native extension for WindowsStandalone target not found
Native extension for Android target not found
Native extension for WebGL target not found
Refreshing native plugins compatible for Editor in 114.74 ms, found 3 plugins.
Preloading 0 native plugins for Editor in 0.00 ms.
Mono: successfully reloaded assembly
- Completed reload, in  0.842 seconds
Domain Reload Profiling:
	ReloadAssembly (842ms)
		BeginReloadAssembly (95ms)
			ExecutionOrderSort (0ms)
			DisableScriptedObjects (0ms)
			BackupInstance (0ms)
			ReleaseScriptingObjects (0ms)
			CreateAndSetChildDomain (1ms)
		EndReloadAssembly (604ms)
			LoadAssemblies (93ms)
			RebuildTransferFunctionScriptingTraits (0ms)
			SetupTypeCache (142ms)
			ReleaseScriptCaches (0ms)
			RebuildScriptCaches (37ms)
			SetupLoadedEditorAssemblies (361ms)
				LogAssemblyErrors (0ms)
				InitializePlatformSupportModulesInManaged (70ms)
				SetLoadedEditorAssemblies (0ms)
				RefreshPlugins (115ms)
				BeforeProcessingInitializeOnLoad (1ms)
				ProcessInitializeOnLoadAttributes (119ms)
				ProcessInitializeOnLoadMethodAttributes (55ms)
				AfterProcessingInitializeOnLoad (0ms)
				EditorAssembliesLoaded (0ms)
			ExecutionOrderSort2 (0ms)
			AwakeInstancesAfterBackupRestoration (0ms)
Platform modules already initialized, skipping
Registering precompiled user dll's ...
Registered in 0.008948 seconds.
Android Extension - Scanning For ADB Devices 4748 ms
Begin MonoManager ReloadAssembly
Symbol file LoadedFromMemory doesn't match image C:\Users\AsusPC\Desktop\MyGames\Demo\WEB\3D\MultiplayerShooter3D\Library\PackageCache\com.unity.visualscripting@1.7.8\Editor\VisualScripting.Core\Dependencies\YamlDotNet\Unity.VisualScripting.YamlDotNet.dll
Symbol file LoadedFromMemory doesn't match image C:\Users\AsusPC\Desktop\MyGames\Demo\WEB\3D\MultiplayerShooter3D\Library\PackageCache\com.unity.visualscripting@1.7.8\Editor\VisualScripting.Core\Dependencies\DotNetZip\Unity.VisualScripting.IonicZip.dll
Native extension for WindowsStandalone target not found
Native extension for Android target not found
Native extension for WebGL target not found
Refreshing native plugins compatible for Editor in 0.76 ms, found 3 plugins.
Preloading 0 native plugins for Editor in 0.00 ms.
Mono: successfully reloaded assembly
- Completed reload, in  3.941 seconds
Domain Reload Profiling:
	ReloadAssembly (3944ms)
		BeginReloadAssembly (148ms)
			ExecutionOrderSort (0ms)
			DisableScriptedObjects (7ms)
			BackupInstance (0ms)
			ReleaseScriptingObjects (0ms)
			CreateAndSetChildDomain (24ms)
		EndReloadAssembly (3629ms)
			LoadAssemblies (1681ms)
			RebuildTransferFunctionScriptingTraits (0ms)
			SetupTypeCache (354ms)
			ReleaseScriptCaches (1ms)
			RebuildScriptCaches (61ms)
			SetupLoadedEditorAssemblies (1457ms)
				LogAssemblyErrors (0ms)
				InitializePlatformSupportModulesInManaged (21ms)
				SetLoadedEditorAssemblies (1ms)
				RefreshPlugins (1ms)
				BeforeProcessingInitializeOnLoad (120ms)
				ProcessInitializeOnLoadAttributes (1130ms)
				ProcessInitializeOnLoadMethodAttributes (170ms)
				AfterProcessingInitializeOnLoad (15ms)
				EditorAssembliesLoaded (0ms)
			ExecutionOrderSort2 (0ms)
			AwakeInstancesAfterBackupRestoration (8ms)
Platform modules already initialized, skipping
========================================================================
Worker process is ready to serve import requests
Shader 'Toon/Lit Outline': fallback shader 'Toon/Lit' not found
WARNING: Shader Unsupported: 'Toon/Lit Outline' - All subshaders removed
WARNING: Shader Did you use #pragma only_renderers and omit this platform?
WARNING: Shader If subshaders removal was intentional, you may have forgotten turning Fallback off?
WARNING: Shader Unsupported: 'Toon/Lit Outline' - All subshaders removed
WARNING: Shader Did you use #pragma only_renderers and omit this platform?
WARNING: Shader If subshaders removal was intentional, you may have forgotten turning Fallback off?
Shader 'Toon/Basic Outline': fallback shader 'Toon/Basic' not found
WARNING: Shader Unsupported: 'Toon/Basic Outline' - All subshaders removed
WARNING: Shader Did you use #pragma only_renderers and omit this platform?
WARNING: Shader If subshaders removal was intentional, you may have forgotten turning Fallback off?
WARNING: Shader Unsupported: 'Toon/Basic Outline' - All subshaders removed
WARNING: Shader Did you use #pragma only_renderers and omit this platform?
WARNING: Shader If subshaders removal was intentional, you may have forgotten turning Fallback off?
Launched and connected shader compiler UnityShaderCompiler.exe after 0.10 seconds
Refreshing native plugins compatible for Editor in 0.82 ms, found 3 plugins.
Preloading 0 native plugins for Editor in 0.00 ms.
Unloading 3372 Unused Serialized files (Serialized files now loaded: 0)
Unloading 29 unused Assets / (477.9 KB). Loaded Objects now: 3829.
Memory consumption went from 119.9 MB to 119.5 MB.
Total: 4.758800 ms (FindLiveObjects: 0.318800 ms CreateObjectMapping: 0.249500 ms MarkObjects: 3.883500 ms  DeleteObjects: 0.306100 ms)

AssetImportParameters requested are different than current active one (requested -> active):
  custom:video-decoder-ogg-theora: a1e56fd34408186e4bbccfd4996cb3dc -> 
  custom:container-muxer-webm: aa71ff27fc2769a1b78a27578f13a17b -> 
  custom:container-demuxer-webm: 4f35f7cbe854078d1ac9338744f61a02 -> 
  custom:video-encoder-webm-vp8: eb34c28f22e8b96e1ab97ce403110664 -> 
  custom:video-codec-MediaFoundation-h265: 746d11721c4dcdbdad8f713fa42b33f4 -> 
  custom:audio-encoder-webm-vorbis: bf7c407c2cedff20999df2af8eb42d56 -> 
  custom:framework-win-MediaFoundation: 216162199b28c13a410421893ffa2e32 -> 
  custom:container-demuxer-ogg: 62fdf1f143b41e24485cea50d1cbac27 -> 
  custom:video-decoder-webm-vp8: 9c59270c3fd7afecdb556c50c9e8de78 -> 
  custom:audio-decoder-ogg-vorbis: bf7c407c2cedff20999df2af8eb42d56 -> 
========================================================================
Received Import Request.
  Time since last request: 842855.017903 seconds.
  path: Assets/Scenes
  artifactKey: Guid(6ea315d0fd7389c41b19996891e99ae3) Importer(815301076,1909f56bfc062723c751e8b465ee728b)
Start importing Assets/Scenes using Guid(6ea315d0fd7389c41b19996891e99ae3) Importer(815301076,1909f56bfc062723c751e8b465ee728b)  -> (artifact id: 'b8193726cff86800c54781cdc6d54904') in 0.086047 seconds 
========================================================================
Received Import Request.
  Time since last request: 9822.854977 seconds.
  path: Assets/FPS Multiplayer Assets
  artifactKey: Guid(e4abd1c08fadf5740bb8611b24d73897) Importer(815301076,1909f56bfc062723c751e8b465ee728b)
Start importing Assets/FPS Multiplayer Assets using Guid(e4abd1c08fadf5740bb8611b24d73897) Importer(815301076,1909f56bfc062723c751e8b465ee728b)  -> (artifact id: '18c7145a6fadac95b8bd07fd878424c3') in 0.341565 seconds 
========================================================================
Received Import Request.
  Time since last request: 1.182764 seconds.
  path: Assets/FPS Multiplayer Assets/1 - Assets
  artifactKey: Guid(967a96c6b4bc5864cb116ecbb8c558ce) Importer(815301076,1909f56bfc062723c751e8b465ee728b)
Start importing Assets/FPS Multiplayer Assets/1 - Assets using Guid(967a96c6b4bc5864cb116ecbb8c558ce) Importer(815301076,1909f56bfc062723c751e8b465ee728b)  -> (artifact id: '36fbd1908b0e6d6a47a4bc8d10af651a') in 0.059679 seconds 
========================================================================
Received Import Request.
  Time since last request: 1.326482 seconds.
  path: Assets/FPS Multiplayer Assets/1 - Assets/Sounds
  artifactKey: Guid(13a604eee80fae04ba7b4cd2064f6aea) Importer(815301076,1909f56bfc062723c751e8b465ee728b)
Start importing Assets/FPS Multiplayer Assets/1 - Assets/Sounds using Guid(13a604eee80fae04ba7b4cd2064f6aea) Importer(815301076,1909f56bfc062723c751e8b465ee728b)  -> (artifact id: '4afd9e99f3e5d6ff39b53f9e60ff0e4f') in 0.086545 seconds 
========================================================================
Received Import Request.
  Time since last request: 1.200425 seconds.
  path: Assets/FPS Multiplayer Assets/1 - Assets/Sounds/Footsteps
  artifactKey: Guid(34be3cc54872d914d91a2c790583a555) Importer(815301076,1909f56bfc062723c751e8b465ee728b)
Start importing Assets/FPS Multiplayer Assets/1 - Assets/Sounds/Footsteps using Guid(34be3cc54872d914d91a2c790583a555) Importer(815301076,1909f56bfc062723c751e8b465ee728b)  -> (artifact id: 'f81e2db3dab7f3648f2b466d6087692e') in 0.042967 seconds 
========================================================================
Received Import Request.
  Time since last request: 0.044943 seconds.
  path: Assets/FPS Multiplayer Assets/1 - Assets/Sounds/Footsteps/dirt_footsteps_2.wav
  artifactKey: Guid(541e7f18c8b5c0c45bbb6a9106feef19) Importer(815301076,1909f56bfc062723c751e8b465ee728b)
Start importing Assets/FPS Multiplayer Assets/1 - Assets/Sounds/Footsteps/dirt_footsteps_2.wav using Guid(541e7f18c8b5c0c45bbb6a9106feef19) Importer(815301076,1909f56bfc062723c751e8b465ee728b)  -> (artifact id: '0b56fbc668867dc356df88cd321e3328') in 3.923502 seconds 
========================================================================
Received Import Request.
  Time since last request: 0.000070 seconds.
  path: Assets/FPS Multiplayer Assets/1 - Assets/Sounds/Footsteps/LadderClimb_2.wav
  artifactKey: Guid(f6bc984591a98974db825ce702d3a59f) Importer(815301076,1909f56bfc062723c751e8b465ee728b)
Start importing Assets/FPS Multiplayer Assets/1 - Assets/Sounds/Footsteps/LadderClimb_2.wav using Guid(f6bc984591a98974db825ce702d3a59f) Importer(815301076,1909f56bfc062723c751e8b465ee728b)  -> (artifact id: '0d7308e530ebd658f7035ff150a67a42') in 0.308967 seconds 
========================================================================
Received Import Request.
  Time since last request: 1.602848 seconds.
  path: Assets/FPS Multiplayer Assets/1 - Assets/Models/FPS Character
  artifactKey: Guid(eeec6068d7056c6458ce68688b8242fb) Importer(815301076,1909f56bfc062723c751e8b465ee728b)
Start importing Assets/FPS Multiplayer Assets/1 - Assets/Models/FPS Character using Guid(eeec6068d7056c6458ce68688b8242fb) Importer(815301076,1909f56bfc062723c751e8b465ee728b)  -> (artifact id: '16fe7d9d7dc87e404684903820556f13') in 0.077770 seconds 
========================================================================
Received Import Request.
  Time since last request: 1.264537 seconds.
  path: Assets/FPS Multiplayer Assets/1 - Assets/Models/FPS Character/Prefabs
  artifactKey: Guid(b4bf3e5f7074c4a6da4be238dab09ca6) Importer(815301076,1909f56bfc062723c751e8b465ee728b)
Start importing Assets/FPS Multiplayer Assets/1 - Assets/Models/FPS Character/Prefabs using Guid(b4bf3e5f7074c4a6da4be238dab09ca6) Importer(815301076,1909f56bfc062723c751e8b465ee728b)  -> (artifact id: 'fdc414e170c7d814845132b29da01881') in 0.144387 seconds 
